<?xml version="1.0" encoding="UTF-8"?>
<testng-results ignored="0" total="3" passed="3" failed="0" skipped="0">
  <reporter-output>
  </reporter-output>
  <suite started-at="2022-02-02T16:17:59 COT" name="Default suite" finished-at="2022-02-02T16:18:12 COT" duration-ms="12310">
    <groups>
    </groups>
    <test started-at="2022-02-02T16:17:59 COT" name="Default test" finished-at="2022-02-02T16:18:12 COT" duration-ms="12310">
      <class name="winDriverTest.NotePadTest">
        <test-method is-config="true" signature="setUp()[pri:0, instance:winDriverTest.NotePadTest@524d6d96]" started-at="2022-02-02T16:17:59 COT" name="setUp" finished-at="2022-02-02T16:18:01 COT" duration-ms="1456" status="PASS">
          <reporter-output>
          </reporter-output>
        </test-method> <!-- setUp -->
        <test-method signature="checkAboutWindow()[pri:0, instance:winDriverTest.NotePadTest@524d6d96]" started-at="2022-02-02T16:18:01 COT" name="checkAboutWindow" finished-at="2022-02-02T16:18:02 COT" duration-ms="1343" status="PASS">
          <reporter-output>
          </reporter-output>
        </test-method> <!-- checkAboutWindow -->
        <test-method is-config="true" signature="cleanApp()[pri:0, instance:winDriverTest.NotePadTest@524d6d96]" started-at="2022-02-02T16:18:02 COT" name="cleanApp" finished-at="2022-02-02T16:18:08 COT" duration-ms="5543" status="PASS">
          <reporter-output>
          </reporter-output>
        </test-method> <!-- cleanApp -->
        <test-method signature="pressTimeAndDateButton()[pri:0, instance:winDriverTest.NotePadTest@524d6d96]" started-at="2022-02-02T16:18:08 COT" name="pressTimeAndDateButton" finished-at="2022-02-02T16:18:09 COT" duration-ms="1472" status="PASS">
          <reporter-output>
          </reporter-output>
        </test-method> <!-- pressTimeAndDateButton -->
        <test-method is-config="true" signature="cleanApp()[pri:0, instance:winDriverTest.NotePadTest@524d6d96]" started-at="2022-02-02T16:18:09 COT" name="cleanApp" finished-at="2022-02-02T16:18:10 COT" duration-ms="726" status="PASS">
          <reporter-output>
          </reporter-output>
        </test-method> <!-- cleanApp -->
        <test-method signature="sendTestText()[pri:0, instance:winDriverTest.NotePadTest@524d6d96]" started-at="2022-02-02T16:18:10 COT" name="sendTestText" finished-at="2022-02-02T16:18:11 COT" duration-ms="971" status="PASS">
          <reporter-output>
          </reporter-output>
        </test-method> <!-- sendTestText -->
        <test-method is-config="true" signature="cleanApp()[pri:0, instance:winDriverTest.NotePadTest@524d6d96]" started-at="2022-02-02T16:18:11 COT" name="cleanApp" finished-at="2022-02-02T16:18:12 COT" duration-ms="738" status="PASS">
          <reporter-output>
          </reporter-output>
        </test-method> <!-- cleanApp -->
        <test-method is-config="true" signature="tearDown()[pri:0, instance:winDriverTest.NotePadTest@524d6d96]" started-at="2022-02-02T16:18:12 COT" name="tearDown" finished-at="2022-02-02T16:18:12 COT" duration-ms="118" status="PASS">
          <reporter-output>
          </reporter-output>
        </test-method> <!-- tearDown -->
      </class> <!-- winDriverTest.NotePadTest -->
    </test> <!-- Default test -->
  </suite> <!-- Default suite -->
</testng-results>
