<?xml version="1.0" encoding="UTF-8"?>
<!-- Generated by org.testng.reporters.JUnitXMLReporter -->
<testsuite ignored="0" hostname="LAPTOP-U0L5QPBP" failures="0" tests="5" name="Default test" time="47.172" errors="0" timestamp="2021-12-27T11:47:54 COT">
  <testcase classname="segurosBolivar.TestClass" name="VerifyVivaAir" time="14.158"/>
  <testcase classname="segurosBolivar.TestClass" name="VerifyVivaAir" time="7.62"/>
  <testcase classname="segurosBolivar.TestClass" name="VerifyVivaAir" time="5.097"/>
  <testcase classname="segurosBolivar.TestClass" name="VerifyVivaAir" time="6.306"/>
  <testcase classname="segurosBolivar.TestClass" name="VerifyVivaAir" time="5.809"/>
</testsuite> <!-- Default test -->
