<?xml version="1.0" encoding="UTF-8"?>
<testng-results ignored="0" total="1" passed="1" failed="0" skipped="0">
  <reporter-output>
  </reporter-output>
  <suite started-at="2021-12-18T18:08:49 COT" name="Default suite" finished-at="2021-12-18T18:08:57 COT" duration-ms="7707">
    <groups>
    </groups>
    <test started-at="2021-12-18T18:08:49 COT" name="Default test" finished-at="2021-12-18T18:08:57 COT" duration-ms="7707">
      <class name="pages.Test99GuruLogin">
        <test-method is-config="true" signature="setup()[pri:0, instance:pages.Test99GuruLogin@58695725]" started-at="2021-12-18T18:08:49 COT" name="setup" finished-at="2021-12-18T18:08:55 COT" duration-ms="5488" status="PASS">
          <reporter-output>
          </reporter-output>
        </test-method> <!-- setup -->
        <test-method signature="test_Home_Page_Appear_Correct()[pri:0, instance:pages.Test99GuruLogin@58695725]" started-at="2021-12-18T18:08:55 COT" name="test_Home_Page_Appear_Correct" finished-at="2021-12-18T18:08:57 COT" duration-ms="2163" status="PASS">
          <reporter-output>
          </reporter-output>
        </test-method> <!-- test_Home_Page_Appear_Correct -->
      </class> <!-- pages.Test99GuruLogin -->
    </test> <!-- Default test -->
  </suite> <!-- Default suite -->
</testng-results>
