<?xml version="1.0" encoding="UTF-8"?>
<testng-results ignored="0" total="1" passed="1" failed="0" skipped="0">
  <reporter-output>
  </reporter-output>
  <suite started-at="2022-01-29T21:41:40Z" name="Default suite" finished-at="2022-01-29T21:41:59Z" duration-ms="19099">
    <groups>
    </groups>
    <test started-at="2022-01-29T21:41:40Z" name="Default test" finished-at="2022-01-29T21:41:59Z" duration-ms="19099">
      <class name="Appiumpractica4.NewTest">
        <test-method is-config="true" signature="beforeTest()[pri:0, instance:Appiumpractica4.NewTest@20c0a64d]" started-at="2022-01-29T21:41:40Z" name="beforeTest" finished-at="2022-01-29T21:41:52Z" duration-ms="11511" status="PASS">
          <reporter-output>
          </reporter-output>
        </test-method> <!-- beforeTest -->
        <test-method signature="f()[pri:0, instance:Appiumpractica4.NewTest@20c0a64d]" started-at="2022-01-29T21:41:52Z" name="f" finished-at="2022-01-29T21:41:59Z" duration-ms="7559" status="PASS">
          <reporter-output>
          </reporter-output>
        </test-method> <!-- f -->
        <test-method is-config="true" signature="Cerrar()[pri:0, instance:Appiumpractica4.NewTest@20c0a64d]" started-at="2022-01-29T21:41:59Z" name="Cerrar" finished-at="2022-01-29T21:41:59Z" duration-ms="0" status="PASS">
          <reporter-output>
          </reporter-output>
        </test-method> <!-- Cerrar -->
      </class> <!-- Appiumpractica4.NewTest -->
    </test> <!-- Default test -->
  </suite> <!-- Default suite -->
</testng-results>
