<?xml version="1.0" encoding="UTF-8"?>
<!-- Generated by org.testng.reporters.JUnitXMLReporter -->
<testsuite ignored="0" hostname="LAPTOP-U0L5QPBP" failures="0" tests="6" name="Test" time="158.597" errors="0" timestamp="2022-01-20T18:56:17 VET">
  <testcase classname="example.NewTest" name="Test" time="32.65"/>
  <testcase classname="example.NewTest" name="Test" time="35.703"/>
  <testcase classname="example.NewTest" name="Test" time="25.442"/>
  <testcase classname="example.NewTest" name="Test" time="18.608"/>
  <testcase classname="example.NewTest" name="Test" time="17.796"/>
  <testcase classname="example.NewTest" name="Test" time="19.298"/>
</testsuite> <!-- Test -->
