<?xml version="1.0" encoding="UTF-8"?>
<testng-results ignored="0" total="5" passed="5" failed="0" skipped="0">
  <reporter-output>
  </reporter-output>
  <suite started-at="2021-12-27T11:47:07 COT" name="Default suite" finished-at="2021-12-27T11:47:54 COT" duration-ms="47172">
    <groups>
    </groups>
    <test started-at="2021-12-27T11:47:07 COT" name="Default test" finished-at="2021-12-27T11:47:54 COT" duration-ms="47172">
      <class name="segurosBolivar.TestClass">
        <test-method is-config="true" signature="setup()[pri:0, instance:segurosBolivar.TestClass@316bcf94]" started-at="2021-12-27T11:47:07 COT" name="setup" finished-at="2021-12-27T11:47:11 COT" duration-ms="3519" status="PASS">
          <reporter-output>
          </reporter-output>
        </test-method> <!-- setup -->
        <test-method signature="VerifyVivaAir(java.lang.String,java.lang.String,java.lang.String,java.lang.String)[pri:0, instance:segurosBolivar.TestClass@316bcf94]" started-at="2021-12-27T11:47:11 COT" name="VerifyVivaAir" data-provider="SearchProvider" finished-at="2021-12-27T11:47:25 COT" duration-ms="14158" status="PASS">
          <params>
            <param index="0">
              <value>
                <![CDATA[Bucaramanga]]>
              </value>
            </param>
            <param index="1">
              <value>
                <![CDATA[Monteria]]>
              </value>
            </param>
            <param index="2">
              <value>
                <![CDATA[10]]>
              </value>
            </param>
            <param index="3">
              <value>
                <![CDATA[1]]>
              </value>
            </param>
          </params>
          <reporter-output>
          </reporter-output>
        </test-method> <!-- VerifyVivaAir -->
        <test-method signature="VerifyVivaAir(java.lang.String,java.lang.String,java.lang.String,java.lang.String)[pri:0, instance:segurosBolivar.TestClass@316bcf94]" started-at="2021-12-27T11:47:25 COT" name="VerifyVivaAir" data-provider="SearchProvider" finished-at="2021-12-27T11:47:33 COT" duration-ms="7620" status="PASS">
          <params>
            <param index="0">
              <value>
                <![CDATA[Cali]]>
              </value>
            </param>
            <param index="1">
              <value>
                <![CDATA[Barranquilla]]>
              </value>
            </param>
            <param index="2">
              <value>
                <![CDATA[6]]>
              </value>
            </param>
            <param index="3">
              <value>
                <![CDATA[1]]>
              </value>
            </param>
          </params>
          <reporter-output>
          </reporter-output>
        </test-method> <!-- VerifyVivaAir -->
        <test-method signature="VerifyVivaAir(java.lang.String,java.lang.String,java.lang.String,java.lang.String)[pri:0, instance:segurosBolivar.TestClass@316bcf94]" started-at="2021-12-27T11:47:33 COT" name="VerifyVivaAir" data-provider="SearchProvider" finished-at="2021-12-27T11:47:38 COT" duration-ms="5097" status="PASS">
          <params>
            <param index="0">
              <value>
                <![CDATA[Bogotá]]>
              </value>
            </param>
            <param index="1">
              <value>
                <![CDATA[Cali]]>
              </value>
            </param>
            <param index="2">
              <value>
                <![CDATA[10]]>
              </value>
            </param>
            <param index="3">
              <value>
                <![CDATA[1]]>
              </value>
            </param>
          </params>
          <reporter-output>
          </reporter-output>
        </test-method> <!-- VerifyVivaAir -->
        <test-method signature="VerifyVivaAir(java.lang.String,java.lang.String,java.lang.String,java.lang.String)[pri:0, instance:segurosBolivar.TestClass@316bcf94]" started-at="2021-12-27T11:47:38 COT" name="VerifyVivaAir" data-provider="SearchProvider" finished-at="2021-12-27T11:47:44 COT" duration-ms="6306" status="PASS">
          <params>
            <param index="0">
              <value>
                <![CDATA[Cúcuta]]>
              </value>
            </param>
            <param index="1">
              <value>
                <![CDATA[Bogotá]]>
              </value>
            </param>
            <param index="2">
              <value>
                <![CDATA[23]]>
              </value>
            </param>
            <param index="3">
              <value>
                <![CDATA[1]]>
              </value>
            </param>
          </params>
          <reporter-output>
          </reporter-output>
        </test-method> <!-- VerifyVivaAir -->
        <test-method signature="VerifyVivaAir(java.lang.String,java.lang.String,java.lang.String,java.lang.String)[pri:0, instance:segurosBolivar.TestClass@316bcf94]" started-at="2021-12-27T11:47:44 COT" name="VerifyVivaAir" data-provider="SearchProvider" finished-at="2021-12-27T11:47:50 COT" duration-ms="5809" status="PASS">
          <params>
            <param index="0">
              <value>
                <![CDATA[Bogotá]]>
              </value>
            </param>
            <param index="1">
              <value>
                <![CDATA[Medellín]]>
              </value>
            </param>
            <param index="2">
              <value>
                <![CDATA[15 ]]>
              </value>
            </param>
            <param index="3">
              <value>
                <![CDATA[1]]>
              </value>
            </param>
          </params>
          <reporter-output>
          </reporter-output>
        </test-method> <!-- VerifyVivaAir -->
        <test-method is-config="true" signature="Cerrar()[pri:0, instance:segurosBolivar.TestClass@316bcf94]" started-at="2021-12-27T11:47:50 COT" name="Cerrar" finished-at="2021-12-27T11:47:54 COT" duration-ms="4534" status="PASS">
          <reporter-output>
          </reporter-output>
        </test-method> <!-- Cerrar -->
      </class> <!-- segurosBolivar.TestClass -->
    </test> <!-- Default test -->
  </suite> <!-- Default suite -->
</testng-results>
