<?xml version="1.0" encoding="UTF-8"?>
<testng-results ignored="0" total="1" passed="1" failed="0" skipped="0">
  <reporter-output>
  </reporter-output>
  <suite started-at="2022-01-05T15:06:00 COT" name="Default suite" finished-at="2022-01-05T15:06:11 COT" duration-ms="10952">
    <groups>
    </groups>
    <test started-at="2022-01-05T15:06:00 COT" name="Default test" finished-at="2022-01-05T15:06:11 COT" duration-ms="10952">
      <class name="example.TestClass">
        <test-method is-config="true" signature="setup()[pri:0, instance:example.TestClass@1349883]" started-at="2022-01-05T15:06:00 COT" name="setup" finished-at="2022-01-05T15:06:04 COT" duration-ms="3325" status="PASS">
          <reporter-output>
          </reporter-output>
        </test-method> <!-- setup -->
        <test-method signature="test()[pri:0, instance:example.TestClass@1349883]" started-at="2022-01-05T15:06:04 COT" name="test" finished-at="2022-01-05T15:06:11 COT" duration-ms="7069" status="PASS">
          <reporter-output>
          </reporter-output>
        </test-method> <!-- test -->
        <test-method is-config="true" signature="Cerrar()[pri:0, instance:example.TestClass@1349883]" started-at="2022-01-05T15:06:11 COT" name="Cerrar" finished-at="2022-01-05T15:06:11 COT" duration-ms="502" status="PASS">
          <reporter-output>
          </reporter-output>
        </test-method> <!-- Cerrar -->
      </class> <!-- example.TestClass -->
    </test> <!-- Default test -->
  </suite> <!-- Default suite -->
</testng-results>
