<?xml version="1.0" encoding="UTF-8"?>
<!-- Generated by org.testng.reporters.JUnitXMLReporter -->
<testsuite ignored="0" hostname="LAPTOP-U0L5QPBP" failures="1" tests="1" name="testGuru" time="0.188" errors="0" timestamp="2021-12-13T11:25:58 COT">
  <testcase classname="parameters.ParameterWithTestNGXML" name="testParameterWithXML" time="0.116">
    <failure type="java.lang.IllegalStateException" message="The driver executable must exist: C:\geckodriver.exe">
      <![CDATA[java.lang.IllegalStateException: The driver executable must exist: C:\geckodriver.exe
at org.openqa.selenium.internal.Require$FileStateChecker.isFile(Require.java:315)
at org.openqa.selenium.remote.service.DriverService.checkExecutable(DriverService.java:144)
at org.openqa.selenium.remote.service.DriverService.findExecutable(DriverService.java:139)
at org.openqa.selenium.firefox.GeckoDriverService.access$100(GeckoDriverService.java:44)
at org.openqa.selenium.firefox.GeckoDriverService$Builder.findDefaultExecutable(GeckoDriverService.java:185)
at org.openqa.selenium.remote.service.DriverService$Builder.build(DriverService.java:434)
at org.openqa.selenium.firefox.FirefoxDriver.toExecutor(FirefoxDriver.java:232)
at org.openqa.selenium.firefox.FirefoxDriver.<init>(FirefoxDriver.java:186)
at org.openqa.selenium.firefox.FirefoxDriver.<init>(FirefoxDriver.java:164)
at parameters.ParameterWithTestNGXML.testParameterWithXML(ParameterWithTestNGXML.java:23)
at java.base/java.util.ArrayList.forEach(ArrayList.java:1511)
... Removed 27 stack frames]]>
    </failure>
  </testcase> <!-- testParameterWithXML -->
</testsuite> <!-- testGuru -->
