<?xml version="1.0" encoding="UTF-8"?>
<!-- Generated by org.testng.reporters.JUnitXMLReporter -->
<testsuite ignored="0" hostname="LAPTOP-U0L5QPBP" failures="0" tests="3" name="Default test" time="12.31" errors="0" timestamp="2022-02-02T16:18:12 COT">
  <testcase classname="winDriverTest.NotePadTest" name="checkAboutWindow" time="1.343"/>
  <testcase classname="winDriverTest.NotePadTest" name="pressTimeAndDateButton" time="1.472"/>
  <testcase classname="winDriverTest.NotePadTest" name="sendTestText" time="0.971"/>
</testsuite> <!-- Default test -->
