<?xml version="1.0" encoding="UTF-8"?>
<!-- Generated by org.testng.reporters.JUnitXMLReporter -->
<testsuite ignored="0" hostname="LAPTOP-U0L5QPBP" failures="0" tests="6" name="Default test" time="61.098" errors="0" timestamp="2022-01-20T17:36:50 COT">
  <testcase classname="example.NewTest" name="Test" time="17.855"/>
  <testcase classname="example.NewTest" name="Test" time="8.84"/>
  <testcase classname="example.NewTest" name="Test" time="5.784"/>
  <testcase classname="example.NewTest" name="Test" time="7.092"/>
  <testcase classname="example.NewTest" name="Test" time="6.548"/>
  <testcase classname="example.NewTest" name="Test" time="6.83"/>
</testsuite> <!-- Default test -->
