<?xml version="1.0" encoding="UTF-8"?>
<testng-results ignored="0" total="2" passed="2" failed="0" skipped="0">
  <reporter-output>
  </reporter-output>
  <suite started-at="2021-12-20T10:54:41 COT" name="Default suite" finished-at="2021-12-20T10:55:14 COT" duration-ms="32744">
    <groups>
    </groups>
    <test started-at="2021-12-20T10:54:41 COT" name="Default test" finished-at="2021-12-20T10:55:14 COT" duration-ms="32744">
      <class name="AutamitationPractice.Tests">
        <test-method is-config="true" signature="setup()[pri:0, instance:AutamitationPractice.Tests@58695725]" started-at="2021-12-20T10:54:41 COT" name="setup" finished-at="2021-12-20T10:54:51 COT" duration-ms="9998" status="PASS">
          <reporter-output>
          </reporter-output>
        </test-method> <!-- setup -->
        <test-method signature="VerifyThreeArrivalsNavegate()[pri:0, instance:AutamitationPractice.Tests@58695725]" started-at="2021-12-20T10:54:51 COT" name="VerifyThreeArrivalsNavegate" finished-at="2021-12-20T10:55:04 COT" duration-ms="12657" status="PASS">
          <reporter-output>
          </reporter-output>
        </test-method> <!-- VerifyThreeArrivalsNavegate -->
        <test-method signature="VerifyThreeArrivalsOnly()[pri:0, instance:AutamitationPractice.Tests@58695725]" started-at="2021-12-20T10:55:04 COT" name="VerifyThreeArrivalsOnly" finished-at="2021-12-20T10:55:14 COT" duration-ms="10019" status="PASS">
          <reporter-output>
          </reporter-output>
        </test-method> <!-- VerifyThreeArrivalsOnly -->
      </class> <!-- AutamitationPractice.Tests -->
    </test> <!-- Default test -->
  </suite> <!-- Default suite -->
</testng-results>
