<?xml version="1.0" encoding="UTF-8"?>
<testng-results ignored="0" total="1" passed="1" failed="0" skipped="0">
  <reporter-output>
  </reporter-output>
  <suite started-at="2021-12-18T21:44:49 COT" name="Default suite" finished-at="2021-12-18T21:45:15 COT" duration-ms="25219">
    <groups>
    </groups>
    <test started-at="2021-12-18T21:44:49 COT" name="Default test" finished-at="2021-12-18T21:45:15 COT" duration-ms="25219">
      <class name="AutamitationPractice.Tests">
        <test-method is-config="true" signature="setup()[pri:0, instance:AutamitationPractice.Tests@618425b5]" started-at="2021-12-18T21:44:50 COT" name="setup" finished-at="2021-12-18T21:45:03 COT" duration-ms="13475" status="PASS">
          <reporter-output>
          </reporter-output>
        </test-method> <!-- setup -->
        <test-method signature="VerifyThreeArrivalsOnly()[pri:0, instance:AutamitationPractice.Tests@618425b5]" started-at="2021-12-18T21:45:03 COT" name="VerifyThreeArrivalsOnly" finished-at="2021-12-18T21:45:15 COT" duration-ms="11616" status="PASS">
          <reporter-output>
          </reporter-output>
        </test-method> <!-- VerifyThreeArrivalsOnly -->
      </class> <!-- AutamitationPractice.Tests -->
    </test> <!-- Default test -->
  </suite> <!-- Default suite -->
</testng-results>
